2024-05-26 17:03:05,878 INFO o.a.j.u.JMeterUtils: Setting Locale to en_EN
2024-05-26 17:03:05,892 INFO o.a.j.JMeter: Loading user properties from: /opt/homebrew/Cellar/jmeter/5.6.3/libexec/bin/user.properties
2024-05-26 17:03:05,893 INFO o.a.j.JMeter: Loading system properties from: /opt/homebrew/Cellar/jmeter/5.6.3/libexec/bin/system.properties
2024-05-26 17:03:05,896 INFO o.a.j.JMeter: Copyright (c) 1998-2024 The Apache Software Foundation
2024-05-26 17:03:05,896 INFO o.a.j.JMeter: Version 5.6.3
2024-05-26 17:03:05,896 INFO o.a.j.JMeter: java.version=21.0.2
2024-05-26 17:03:05,896 INFO o.a.j.JMeter: java.vm.name=OpenJDK 64-Bit Server VM
2024-05-26 17:03:05,896 INFO o.a.j.JMeter: os.name=Mac OS X
2024-05-26 17:03:05,896 INFO o.a.j.JMeter: os.arch=aarch64
2024-05-26 17:03:05,896 INFO o.a.j.JMeter: os.version=14.4.1
2024-05-26 17:03:05,896 INFO o.a.j.JMeter: file.encoding=UTF-8
2024-05-26 17:03:05,896 INFO o.a.j.JMeter: java.awt.headless=null
2024-05-26 17:03:05,896 INFO o.a.j.JMeter: Max memory     =1073741824
2024-05-26 17:03:05,896 INFO o.a.j.JMeter: Available Processors =8
2024-05-26 17:03:05,902 INFO o.a.j.JMeter: Default Locale=English (EN)
2024-05-26 17:03:05,902 INFO o.a.j.JMeter: JMeter  Locale=English (EN)
2024-05-26 17:03:05,902 INFO o.a.j.JMeter: JMeterHome=/opt/homebrew/Cellar/jmeter/5.6.3/libexec
2024-05-26 17:03:05,902 INFO o.a.j.JMeter: user.dir  =/Users/rosenstanchev/Desktop/Fontys/S6/Individual Project/GitHub/foodmotion-frontend
2024-05-26 17:03:05,902 INFO o.a.j.JMeter: PWD       =/Users/rosenstanchev/Desktop/Fontys/S6/Individual Project/GitHub/foodmotion-frontend
2024-05-26 17:03:05,903 INFO o.a.j.JMeter: IP: 127.0.0.1 Name: Rosens-MacBook-Pro.local FullName: localhost
2024-05-26 17:03:05,911 INFO o.a.j.JMeter: Loaded icon properties from org/apache/jmeter/images/icon.properties
2024-05-26 17:03:06,276 INFO o.a.j.JMeterGuiLauncher: Setting LAF to: com.github.weisj.darklaf.DarkLaf:com.github.weisj.darklaf.theme.DarculaTheme
2024-05-26 17:03:07,221 INFO o.a.j.r.ClassFinder: Will scan jar /opt/homebrew/Cellar/jmeter/5.6.3/libexec/lib/ext/jmeter-plugins-manager-1.9.jar with filter ExtendsClassFilter [parents=[interface org.apache.jmeter.gui.action.Command], inner=false, contains=null, notContains=null]. Consider exposing JMeter plugins via META-INF/services, and add JMeter-Skip-Class-Scanning=true manifest attribute so JMeter can skip classfile scanning
2024-05-26 17:03:07,279 INFO o.a.j.r.ClassFinder: Will scan jar /opt/homebrew/Cellar/jmeter/5.6.3/libexec/lib/ext/jmeter-plugins-manager-1.9.jar with filter ExtendsClassFilter [parents=[interface org.apache.jmeter.gui.plugin.MenuCreator], inner=false, contains=null, notContains=null]. Consider exposing JMeter plugins via META-INF/services, and add JMeter-Skip-Class-Scanning=true manifest attribute so JMeter can skip classfile scanning
2024-05-26 17:03:07,343 INFO o.j.r.JARSourceHTTP: Requesting https://jmeter-plugins.org/repo/?installID=mac_os_x-d2bdfbbe34d78e5387b1d2411947aac7-gui
2024-05-26 17:03:08,910 INFO o.j.r.PluginManager: Plugins Status: [jpgc-plugins-manager=1.9, jmeter-core=5.6.3, jmeter-ftp=5.6.3, jmeter-http=5.6.3, jmeter-jdbc=5.6.3, jmeter-jms=5.6.3, jmeter-junit=5.6.3, jmeter-java=5.6.3, jmeter-ldap=5.6.3, jmeter-mail=5.6.3, jmeter-mongodb=5.6.3, jmeter-native=5.6.3, jmeter-tcp=5.6.3, jmeter-components=5.6.3]
2024-05-26 17:03:09,563 INFO o.j.r.PluginManagerMenuItem: Plugins Manager has upgrades: [jpgc-plugins-manager]
2024-05-26 17:12:44,231 INFO o.a.j.s.FileServer: Default base='/Users/rosenstanchev/Desktop/Fontys/S6/Individual Project/GitHub/foodmotion-frontend'
2024-05-26 17:12:44,238 INFO o.a.j.g.a.Load: Loading file: /Users/rosenstanchev/Desktop/Fontys/S6/JMeter/Localhost/Users.jmx
2024-05-26 17:12:44,238 INFO o.a.j.s.FileServer: Set new base='/Users/rosenstanchev/Desktop/Fontys/S6/JMeter/Localhost'
2024-05-26 17:12:44,403 INFO o.a.j.s.SaveService: Testplan (JMX) version: 2.2. Testlog (JTL) version: 2.2
2024-05-26 17:12:44,410 INFO o.a.j.s.SaveService: Using SaveService properties version 5.0
2024-05-26 17:12:44,411 INFO o.a.j.s.SaveService: Using SaveService properties file encoding UTF-8
2024-05-26 17:12:44,412 INFO o.a.j.s.SaveService: Loading file: /Users/rosenstanchev/Desktop/Fontys/S6/JMeter/Localhost/Users.jmx
2024-05-26 17:12:44,485 INFO o.a.j.p.h.s.HTTPSamplerBase: Parser for text/html is org.apache.jmeter.protocol.http.parser.LagartoBasedHtmlParser
2024-05-26 17:12:44,485 INFO o.a.j.p.h.s.HTTPSamplerBase: Parser for application/xhtml+xml is org.apache.jmeter.protocol.http.parser.LagartoBasedHtmlParser
2024-05-26 17:12:44,485 INFO o.a.j.p.h.s.HTTPSamplerBase: Parser for application/xml is org.apache.jmeter.protocol.http.parser.LagartoBasedHtmlParser
2024-05-26 17:12:44,485 INFO o.a.j.p.h.s.HTTPSamplerBase: Parser for text/xml is org.apache.jmeter.protocol.http.parser.LagartoBasedHtmlParser
2024-05-26 17:12:44,485 INFO o.a.j.p.h.s.HTTPSamplerBase: Parser for text/vnd.wap.wml is org.apache.jmeter.protocol.http.parser.RegexpHTMLParser
2024-05-26 17:12:44,485 INFO o.a.j.p.h.s.HTTPSamplerBase: Parser for text/css is org.apache.jmeter.protocol.http.parser.CssParser
2024-05-26 17:12:44,609 INFO o.a.j.s.SampleResult: Note: Sample TimeStamps are START times
2024-05-26 17:12:44,610 INFO o.a.j.s.SampleResult: sampleresult.default.encoding is set to UTF-8
2024-05-26 17:12:44,610 INFO o.a.j.s.SampleResult: sampleresult.useNanoTime=true
2024-05-26 17:12:44,610 INFO o.a.j.s.SampleResult: sampleresult.nanoThreadSleep=5000
2024-05-26 17:12:44,725 INFO o.a.j.r.ClassFinder: Will scan jar /opt/homebrew/Cellar/jmeter/5.6.3/libexec/lib/ext/jmeter-plugins-manager-1.9.jar with filter ExtendsClassFilter [parents=[interface org.apache.jmeter.visualizers.ResultRenderer], inner=false, contains=null, notContains=null]. Consider exposing JMeter plugins via META-INF/services, and add JMeter-Skip-Class-Scanning=true manifest attribute so JMeter can skip classfile scanning
2024-05-26 17:12:44,743 INFO o.a.j.r.ClassFinder: Will scan jar /opt/homebrew/Cellar/jmeter/5.6.3/libexec/lib/ext/jmeter-plugins-manager-1.9.jar with filter ExtendsClassFilter [parents=[interface org.apache.jmeter.visualizers.RequestView], inner=false, contains=null, notContains=null]. Consider exposing JMeter plugins via META-INF/services, and add JMeter-Skip-Class-Scanning=true manifest attribute so JMeter can skip classfile scanning
2024-05-26 17:12:44,792 INFO o.a.j.r.ClassFinder: Will scan jar /opt/homebrew/Cellar/jmeter/5.6.3/libexec/lib/ext/jmeter-plugins-manager-1.9.jar with filter ExtendsClassFilter [parents=[interface org.apache.jmeter.visualizers.ResultRenderer], inner=false, contains=null, notContains=null]. Consider exposing JMeter plugins via META-INF/services, and add JMeter-Skip-Class-Scanning=true manifest attribute so JMeter can skip classfile scanning
2024-05-26 17:12:44,798 INFO o.a.j.r.ClassFinder: Will scan jar /opt/homebrew/Cellar/jmeter/5.6.3/libexec/lib/ext/jmeter-plugins-manager-1.9.jar with filter ExtendsClassFilter [parents=[interface org.apache.jmeter.visualizers.RequestView], inner=false, contains=null, notContains=null]. Consider exposing JMeter plugins via META-INF/services, and add JMeter-Skip-Class-Scanning=true manifest attribute so JMeter can skip classfile scanning
2024-05-26 17:12:44,834 INFO o.a.j.r.ClassFinder: Will scan jar /opt/homebrew/Cellar/jmeter/5.6.3/libexec/lib/ext/jmeter-plugins-manager-1.9.jar with filter ExtendsClassFilter [parents=[interface org.apache.jmeter.visualizers.ResultRenderer], inner=false, contains=null, notContains=null]. Consider exposing JMeter plugins via META-INF/services, and add JMeter-Skip-Class-Scanning=true manifest attribute so JMeter can skip classfile scanning
2024-05-26 17:12:44,840 INFO o.a.j.r.ClassFinder: Will scan jar /opt/homebrew/Cellar/jmeter/5.6.3/libexec/lib/ext/jmeter-plugins-manager-1.9.jar with filter ExtendsClassFilter [parents=[interface org.apache.jmeter.visualizers.RequestView], inner=false, contains=null, notContains=null]. Consider exposing JMeter plugins via META-INF/services, and add JMeter-Skip-Class-Scanning=true manifest attribute so JMeter can skip classfile scanning
2024-05-26 17:12:44,868 INFO o.a.j.r.ClassFinder: Will scan jar /opt/homebrew/Cellar/jmeter/5.6.3/libexec/lib/ext/jmeter-plugins-manager-1.9.jar with filter ExtendsClassFilter [parents=[interface org.apache.jmeter.visualizers.ResultRenderer], inner=false, contains=null, notContains=null]. Consider exposing JMeter plugins via META-INF/services, and add JMeter-Skip-Class-Scanning=true manifest attribute so JMeter can skip classfile scanning
2024-05-26 17:12:44,875 INFO o.a.j.r.ClassFinder: Will scan jar /opt/homebrew/Cellar/jmeter/5.6.3/libexec/lib/ext/jmeter-plugins-manager-1.9.jar with filter ExtendsClassFilter [parents=[interface org.apache.jmeter.visualizers.RequestView], inner=false, contains=null, notContains=null]. Consider exposing JMeter plugins via META-INF/services, and add JMeter-Skip-Class-Scanning=true manifest attribute so JMeter can skip classfile scanning
2024-05-26 17:12:44,898 INFO o.a.j.r.ClassFinder: Will scan jar /opt/homebrew/Cellar/jmeter/5.6.3/libexec/lib/ext/jmeter-plugins-manager-1.9.jar with filter ExtendsClassFilter [parents=[interface org.apache.jmeter.visualizers.ResultRenderer], inner=false, contains=null, notContains=null]. Consider exposing JMeter plugins via META-INF/services, and add JMeter-Skip-Class-Scanning=true manifest attribute so JMeter can skip classfile scanning
2024-05-26 17:12:44,904 INFO o.a.j.r.ClassFinder: Will scan jar /opt/homebrew/Cellar/jmeter/5.6.3/libexec/lib/ext/jmeter-plugins-manager-1.9.jar with filter ExtendsClassFilter [parents=[interface org.apache.jmeter.visualizers.RequestView], inner=false, contains=null, notContains=null]. Consider exposing JMeter plugins via META-INF/services, and add JMeter-Skip-Class-Scanning=true manifest attribute so JMeter can skip classfile scanning
2024-05-26 17:12:44,930 INFO o.a.j.s.FileServer: Set new base='/Users/rosenstanchev/Desktop/Fontys/S6/JMeter/Localhost'
